2026-05-11 01:52:09, SELF, v:1, k:fup@substring, self:1, rate:100, study:32, concept:1, code:1, debug:1, refactor:1
2026-05-11 01:52:58, SELF, v:1, k:fup@segundos, self:1, concept:1, problem:1, code:1, debug:1, refactor:1
2026-05-11 01:53:10, MOVE, v:1, k:fup@segundos, mode:PICK
2026-05-11 01:53:20, EXEC, v:1, k:fup@segundos, mode:FULL, size:78, fail:COMP
2026-05-11 02:13:37, EXEC, v:1, k:fup@segundos, mode:FULL, rate:0, size:94
2026-05-11 02:13:32, MOVE, v:1, k:fup@segundos, mode:EDIT
2026-05-11 02:13:37, MOVE, v:1, k:fup@segundos, mode:EDIT
2026-05-11 02:16:19, EXEC, v:1, k:fup@segundos, mode:FULL, rate:0, size:99
2026-05-11 02:17:04, EXEC, v:1, k:fup@segundos, mode:FULL, rate:0
2026-05-11 02:17:05, EXEC, v:1, k:fup@segundos, mode:FULL, rate:0
2026-05-11 02:19:24, EXEC, v:1, k:fup@segundos, mode:FULL, rate:0
2026-05-11 02:16:09, MOVE, v:1, k:fup@segundos, mode:EDIT
2026-05-11 02:19:24, MOVE, v:1, k:fup@segundos, mode:EDIT
2026-05-11 02:24:06, EXEC, v:1, k:fup@segundos, mode:FULL, rate:0, size:93
2026-05-11 02:24:05, MOVE, v:1, k:fup@segundos, mode:EDIT
2026-05-11 02:24:06, MOVE, v:1, k:fup@segundos, mode:EDIT
2026-05-11 02:25:42, EXEC, v:1, k:fup@segundos, mode:FULL, rate:0, size:73
2026-05-11 02:26:08, MOVE, v:1, k:fup@segundos, mode:BACK
2026-05-11 02:26:23, MOVE, v:1, k:fup@bala, mode:DOWN
2026-05-11 02:26:25, MOVE, v:1, k:fup@bala, mode:PICK
2026-05-11 02:25:41, MOVE, v:1, k:fup@segundos, mode:EDIT
2026-05-11 02:25:41, MOVE, v:1, k:fup@segundos, mode:EDIT
2026-05-11 02:26:23, MOVE, v:1, k:fup@bala, mode:EDIT
2026-05-11 02:26:23, MOVE, v:1, k:fup@bala, mode:EDIT
2026-05-11 03:07:06, EXEC, v:1, k:fup@bala, mode:FULL, rate:100, size:21
2026-05-11 03:07:39, MOVE, v:1, k:fup@bala, mode:BACK
2026-05-11 03:08:29, SELF, v:1, k:fup@bala, self:1, rate:100, study:27, concept:1, problem:1, code:1, debug:1, refactor:1
2026-05-11 03:08:46, MOVE, v:1, k:fup@abs, mode:DOWN
2026-05-11 03:08:56, MOVE, v:1, k:fup@abs, mode:PICK
2026-05-11 03:06:38, MOVE, v:1, k:fup@bala, mode:EDIT
2026-05-11 03:07:06, MOVE, v:1, k:fup@bala, mode:EDIT
2026-05-11 03:08:46, MOVE, v:1, k:fup@abs, mode:EDIT
2026-05-11 03:08:46, MOVE, v:1, k:fup@abs, mode:EDIT
2026-05-11 03:41:12, MOVE, v:1, k:fup@abs, mode:PICK
2026-05-11 03:41:15, EXEC, v:1, k:fup@abs, mode:FULL, rate:0, size:5
2026-05-11 03:41:15, MOVE, v:1, k:fup@abs, mode:EDIT
2026-05-11 03:57:55, EXEC, v:1, k:fup@abs, mode:FULL, rate:100, size:22
2026-05-11 03:58:21, MOVE, v:1, k:fup@abs, mode:BACK
2026-05-11 03:58:41, MOVE, v:1, k:fup@abs, mode:PICK
2026-05-11 03:58:43, MOVE, v:1, k:fup@abs, mode:BACK
2026-05-11 03:59:20, SELF, v:1, k:fup@abs, self:1, rate:100, study:30, concept:1, problem:1, code:1, debug:1, refactor:1
2026-05-11 03:59:35, MOVE, v:1, k:fup@max, mode:DOWN
2026-05-11 03:59:36, MOVE, v:1, k:fup@max, mode:PICK
2026-05-11 03:57:51, MOVE, v:1, k:fup@abs, mode:EDIT
2026-05-11 03:57:55, MOVE, v:1, k:fup@abs, mode:EDIT
2026-05-11 03:59:35, MOVE, v:1, k:fup@max, mode:EDIT
2026-05-11 03:59:35, MOVE, v:1, k:fup@max, mode:EDIT
2026-05-11 03:59:35, MOVE, v:1, k:fup@max, mode:EDIT
2026-05-11 04:10:50, MOVE, v:1, k:fup@max, mode:EDIT
2026-05-11 04:11:21, EXEC, v:1, k:fup@max, mode:FULL, rate:100, size:16
2026-05-11 04:12:10, MOVE, v:1, k:fup@max, mode:BACK
2026-05-11 04:12:59, SELF, v:1, k:fup@max, self:1, rate:100, study:20, concept:1, code:1, refactor:1
2026-05-11 04:13:25, MOVE, v:1, k:fup@ou, mode:DOWN
2026-05-11 04:13:27, MOVE, v:1, k:fup@ou, mode:PICK
2026-05-11 04:11:21, MOVE, v:1, k:fup@max, mode:EDIT
2026-05-11 04:13:25, MOVE, v:1, k:fup@ou, mode:EDIT
2026-05-11 04:13:25, MOVE, v:1, k:fup@ou, mode:EDIT
2026-05-11 04:13:25, MOVE, v:1, k:fup@ou, mode:EDIT
2026-05-11 04:39:08, EXEC, v:1, k:fup@ou, mode:FULL, rate:100, size:15
2026-05-11 04:39:21, MOVE, v:1, k:fup@ou, mode:BACK
2026-05-11 04:40:21, MOVE, v:1, k:fup@leds, mode:DOWN
2026-05-11 04:40:30, MOVE, v:1, k:fup@leds, mode:PICK
2026-05-11 04:39:06, MOVE, v:1, k:fup@ou, mode:EDIT
2026-05-11 04:39:08, MOVE, v:1, k:fup@ou, mode:EDIT
2026-05-11 04:40:21, MOVE, v:1, k:fup@leds, mode:EDIT
2026-05-11 04:40:21, MOVE, v:1, k:fup@leds, mode:EDIT
2026-05-11 04:40:21, MOVE, v:1, k:fup@leds, mode:EDIT
2026-05-11 04:42:02, MOVE, v:1, k:fup@leds, mode:EDIT
2026-05-11 05:03:57, EXEC, v:1, k:fup@leds, mode:FULL, rate:100, size:36
2026-05-11 05:04:07, MOVE, v:1, k:fup@leds, mode:BACK
2026-05-11 05:04:45, SELF, v:1, k:fup@leds, self:1, rate:100, study:30, concept:1, problem:1, code:1, debug:1, refactor:1
2026-05-11 05:05:06, MOVE, v:1, k:fup@ru, mode:DOWN
2026-05-11 05:05:10, MOVE, v:1, k:fup@ru, mode:PICK
2026-05-11 05:03:57, MOVE, v:1, k:fup@leds, mode:EDIT
2026-05-11 05:05:05, MOVE, v:1, k:fup@ru, mode:EDIT
2026-05-11 05:05:06, MOVE, v:1, k:fup@ru, mode:EDIT
2026-05-11 05:05:06, MOVE, v:1, k:fup@ru, mode:EDIT
2026-05-11 05:41:34, MOVE, v:1, k:fup@ru, mode:PICK
2026-05-11 05:41:46, MOVE, v:1, k:fup@ru, mode:BACK
2026-05-11 05:41:50, MOVE, v:1, k:fup@ru, mode:PICK
2026-05-11 05:43:04, MOVE, v:1, k:fup@ru, mode:EDIT
2026-05-11 06:10:30, MOVE, v:1, k:fup@ru, mode:EDIT
2026-05-11 06:25:18, EXEC, v:1, k:fup@ru, mode:FULL, rate:0, size:35
2026-05-11 06:26:07, EXEC, v:1, k:fup@ru, mode:FULL, rate:100, size:39
2026-05-11 06:26:17, MOVE, v:1, k:fup@ru, mode:BACK
2026-05-11 06:26:06, MOVE, v:1, k:fup@ru, mode:EDIT
2026-05-11 06:26:05, MOVE, v:1, k:fup@ru, mode:EDIT
2026-05-11 06:27:42, SELF, v:1, k:fup@ru, self:1, rate:100, concept:1, code:1, debug:1, refactor:1
2026-05-11 16:51:36, MOVE, v:1, k:fup@ru, mode:PICK
2026-05-11 16:51:43, EXEC, v:1, k:fup@ru, mode:FULL, rate:100
2026-05-11 16:51:56, MOVE, v:1, k:fup@ru, mode:BACK
2026-05-11 16:54:02, MOVE, v:1, k:fup@positivo, mode:DOWN
2026-05-11 16:54:04, MOVE, v:1, k:fup@positivo, mode:PICK
2026-05-11 16:51:43, MOVE, v:1, k:fup@ru, mode:EDIT
2026-05-11 16:54:02, MOVE, v:1, k:fup@positivo, mode:EDIT
2026-05-11 16:54:02, MOVE, v:1, k:fup@positivo, mode:EDIT
2026-05-11 16:54:02, MOVE, v:1, k:fup@positivo, mode:EDIT
2026-05-11 17:05:26, MOVE, v:1, k:fup@positivo, mode:EDIT
2026-05-11 17:08:46, EXEC, v:1, k:fup@positivo, mode:FULL, rate:100, size:15
2026-05-11 17:09:04, MOVE, v:1, k:fup@positivo, mode:BACK
2026-05-11 17:09:42, SELF, v:1, k:fup@positivo, self:1, rate:100, concept:1, code:1, refactor:1
2026-05-11 17:09:49, MOVE, v:1, k:fup@ou, mode:PICK
2026-05-11 17:10:11, EXEC, v:1, k:fup@ou, mode:FULL, rate:100
2026-05-11 17:08:30, MOVE, v:1, k:fup@positivo, mode:EDIT
2026-05-11 17:08:46, MOVE, v:1, k:fup@positivo, mode:EDIT
2026-05-11 17:10:11, MOVE, v:1, k:fup@ou, mode:EDIT
2026-05-11 17:15:45, MOVE, v:1, k:fup@ou, mode:EDIT
2026-05-11 17:18:09, EXEC, v:1, k:fup@ou, mode:FULL, rate:100, size:13
2026-05-11 17:18:27, MOVE, v:1, k:fup@ou, mode:BACK
2026-05-11 17:19:01, SELF, v:1, k:fup@ou, self:1, rate:100, code:1, refactor:1
2026-05-11 17:19:14, MOVE, v:1, k:fup@multiplo, mode:DOWN
2026-05-11 17:19:14, MOVE, v:1, k:fup@multiplo, mode:PICK
2026-05-11 17:18:05, MOVE, v:1, k:fup@ou, mode:EDIT
2026-05-11 17:18:09, MOVE, v:1, k:fup@ou, mode:EDIT
2026-05-11 17:19:13, MOVE, v:1, k:fup@multiplo, mode:EDIT
2026-05-11 17:19:14, MOVE, v:1, k:fup@multiplo, mode:EDIT
2026-05-11 17:19:14, MOVE, v:1, k:fup@multiplo, mode:EDIT
2026-05-11 17:24:53, EXEC, v:1, k:fup@multiplo, mode:FULL, rate:100, size:15
2026-05-11 17:25:45, MOVE, v:1, k:fup@multiplo, mode:BACK
2026-05-11 17:24:48, MOVE, v:1, k:fup@multiplo, mode:EDIT
2026-05-11 17:24:53, MOVE, v:1, k:fup@multiplo, mode:EDIT
2026-05-11 17:26:30, SELF, v:1, k:fup@multiplo, self:1, rate:100, concept:1, code:1, refactor:1
2026-05-11 17:28:19, MOVE, v:1, k:fup@calc, mode:DOWN
2026-05-11 17:28:20, MOVE, v:1, k:fup@calc, mode:PICK
2026-05-11 17:28:19, MOVE, v:1, k:fup@calc, mode:EDIT
2026-05-11 17:28:19, MOVE, v:1, k:fup@calc, mode:EDIT
2026-05-11 17:33:05, MOVE, v:1, k:fup@calc, mode:EDIT
2026-05-11 17:38:01, MOVE, v:1, k:fup@calc, mode:EDIT
2026-05-11 17:42:48, MOVE, v:1, k:fup@calc, mode:EDIT
2026-05-11 17:46:26, MOVE, v:1, k:fup@calc, mode:EDIT
2026-05-11 17:52:06, MOVE, v:1, k:fup@calc, mode:EDIT
2026-05-11 17:55:14, EXEC, v:1, k:fup@calc, mode:FULL, rate:0, size:21
2026-05-11 17:58:02, MOVE, v:1, k:fup@calc, mode:EDIT
2026-05-11 17:55:14, MOVE, v:1, k:fup@calc, mode:EDIT
2026-05-11 18:02:42, EXEC, v:1, k:fup@calc, mode:FULL, rate:0, size:23
2026-05-11 18:02:39, MOVE, v:1, k:fup@calc, mode:EDIT
2026-05-11 18:02:42, MOVE, v:1, k:fup@calc, mode:EDIT
2026-05-11 18:03:45, EXEC, v:1, k:fup@calc, mode:FULL, rate:100, size:25
2026-05-11 18:03:58, EXEC, v:1, k:fup@calc, mode:FULL, rate:100
2026-05-11 18:04:02, EXEC, v:1, k:fup@calc, mode:FREE
2026-05-11 18:05:14, EXEC, v:1, k:fup@calc, mode:FULL, rate:100, size:24
2026-05-11 18:05:20, EXEC, v:1, k:fup@calc, mode:FULL, rate:100
2026-05-11 18:05:21, EXEC, v:1, k:fup@calc, mode:FULL, rate:100
2026-05-11 18:05:50, EXEC, v:1, k:fup@calc, mode:FULL, rate:100, size:25
2026-05-11 18:05:54, MOVE, v:1, k:fup@calc, mode:BACK
2026-05-11 18:06:15, SELF, v:1, k:fup@calc, self:1, rate:100, concept:1, code:1, debug:1, refactor:1
2026-05-11 18:06:33, MOVE, v:1, k:fup@guarda, mode:DOWN
2026-05-11 18:06:34, MOVE, v:1, k:fup@guarda, mode:PICK
2026-05-11 18:06:40, EXEC, v:1, k:fup@guarda, mode:FULL, rate:0, size:5
2026-05-11 18:05:48, MOVE, v:1, k:fup@calc, mode:EDIT
2026-05-11 18:05:49, MOVE, v:1, k:fup@calc, mode:EDIT
2026-05-11 18:06:33, MOVE, v:1, k:fup@guarda, mode:EDIT
2026-05-11 18:06:33, MOVE, v:1, k:fup@guarda, mode:EDIT
2026-05-11 18:06:40, MOVE, v:1, k:fup@guarda, mode:EDIT
2026-05-11 18:13:04, MOVE, v:1, k:fup@guarda, mode:EDIT
2026-05-11 18:28:07, MOVE, v:1, k:fup@guarda, mode:EDIT
2026-05-11 18:31:18, MOVE, v:1, k:fup@guarda, mode:EDIT
2026-05-11 18:34:33, EXEC, v:1, k:fup@guarda, mode:FULL, rate:28, size:23
2026-05-11 18:34:55, EXEC, v:1, k:fup@guarda, mode:FULL, rate:71, size:23
2026-05-11 18:35:26, EXEC, v:1, k:fup@guarda, mode:FULL, rate:42, size:23
2026-05-11 18:35:38, EXEC, v:1, k:fup@guarda, mode:FULL, rate:0, size:23
2026-05-11 18:35:48, EXEC, v:1, k:fup@guarda, mode:FULL, rate:0, size:23
2026-05-11 18:36:02, EXEC, v:1, k:fup@guarda, mode:FULL, rate:71, size:23
2026-05-11 18:36:32, EXEC, v:1, k:fup@guarda, mode:FULL, rate:42, size:23
2026-05-11 18:36:33, EXEC, v:1, k:fup@guarda, mode:FULL, rate:42
2026-05-11 18:36:39, EXEC, v:1, k:fup@guarda, mode:FULL, rate:71, size:23
2026-05-11 18:36:38, MOVE, v:1, k:fup@guarda, mode:EDIT
2026-05-11 18:36:39, MOVE, v:1, k:fup@guarda, mode:EDIT
2026-05-11 18:41:02, EXEC, v:1, k:fup@guarda, mode:FULL, rate:85, size:26
2026-05-11 18:40:26, MOVE, v:1, k:fup@guarda, mode:EDIT
2026-05-11 18:41:02, MOVE, v:1, k:fup@guarda, mode:EDIT
2026-05-11 18:44:38, EXEC, v:1, k:fup@guarda, mode:FULL, rate:85, size:26
2026-05-11 18:44:40, EXEC, v:1, k:fup@guarda, mode:FULL, rate:85
2026-05-11 18:44:41, EXEC, v:1, k:fup@guarda, mode:FULL, rate:85
2026-05-11 18:44:42, EXEC, v:1, k:fup@guarda, mode:FULL, rate:85
2026-05-11 18:44:42, EXEC, v:1, k:fup@guarda, mode:FULL, rate:85
2026-05-11 18:44:38, MOVE, v:1, k:fup@guarda, mode:EDIT
2026-05-11 18:44:42, MOVE, v:1, k:fup@guarda, mode:EDIT
2026-05-11 18:56:12, EXEC, v:1, k:fup@guarda, mode:FULL, rate:85, size:26
2026-05-11 18:56:04, MOVE, v:1, k:fup@guarda, mode:EDIT
2026-05-11 18:56:12, MOVE, v:1, k:fup@guarda, mode:EDIT
