2026-07-01 20:07:33, MOVE, v:1, k:fup@round, mode:DOWN
2026-07-01 20:07:34, MOVE, v:1, k:fup@round, mode:PICK
2026-07-01 20:07:33, MOVE, v:1, k:fup@round, mode:EDIT
2026-07-01 20:12:03, MOVE, v:1, k:fup@round, mode:EDIT
2026-07-01 20:16:14, MOVE, v:1, k:fup@round, mode:EDIT
2026-07-01 20:17:47, EXEC, v:1, k:fup@round, mode:FULL, rate:100, size:21
2026-07-01 20:17:55, MOVE, v:1, k:fup@round, mode:BACK
2026-07-01 20:18:18, SELF, v:1, k:fup@round, self:1, rate:100, concept:1, debug:1, refactor:1
2026-07-01 20:18:24, MOVE, v:1, k:fup@meio, mode:DOWN
2026-07-01 20:18:26, MOVE, v:1, k:fup@meio, mode:PICK
2026-07-01 20:17:44, MOVE, v:1, k:fup@round, mode:EDIT
2026-07-01 20:17:47, MOVE, v:1, k:fup@round, mode:EDIT
2026-07-01 20:18:24, MOVE, v:1, k:fup@meio, mode:EDIT
2026-07-01 20:22:08, MOVE, v:1, k:fup@meio, mode:EDIT
2026-07-01 20:25:30, EXEC, v:1, k:fup@meio, mode:FULL, rate:100, size:19
2026-07-01 20:25:34, MOVE, v:1, k:fup@meio, mode:BACK
2026-07-01 20:25:55, SELF, v:1, k:fup@meio, self:1, rate:100, concept:1
2026-07-01 20:26:04, MOVE, v:1, k:fup@jokenpo, mode:DOWN
2026-07-01 20:26:05, MOVE, v:1, k:fup@jokenpo, mode:PICK
2026-07-01 20:25:25, MOVE, v:1, k:fup@meio, mode:EDIT
2026-07-01 20:25:30, MOVE, v:1, k:fup@meio, mode:EDIT
2026-07-01 20:26:04, MOVE, v:1, k:fup@jokenpo, mode:EDIT
2026-07-01 20:32:09, MOVE, v:1, k:fup@jokenpo, mode:EDIT
2026-07-01 20:33:28, EXEC, v:1, k:fup@jokenpo, mode:FULL, rate:100, size:20
2026-07-01 20:33:37, MOVE, v:1, k:fup@jokenpo, mode:BACK
2026-07-01 20:33:51, SELF, v:1, k:fup@jokenpo, self:1, rate:100, concept:1, debug:1
2026-07-01 20:34:36, SELF, v:1, k:fup@final, self:1, debug:1
2026-07-01 20:34:46, SELF, v:1, k:fup@final, self:1, debug:1
2026-07-01 20:34:46, MOVE, v:1, k:fup@final, mode:PICK
2026-07-01 20:35:47, EXEC, v:1, k:fup@final, mode:FULL, rate:100, size:28
2026-07-01 20:35:50, MOVE, v:1, k:fup@final, mode:BACK
2026-07-01 20:36:10, MOVE, v:1, k:fup@semana, mode:DOWN
2026-07-01 20:36:12, MOVE, v:1, k:fup@semana, mode:PICK
2026-07-01 20:33:26, MOVE, v:1, k:fup@jokenpo, mode:EDIT
2026-07-01 20:33:28, MOVE, v:1, k:fup@jokenpo, mode:EDIT
2026-07-01 20:35:45, MOVE, v:1, k:fup@final, mode:EDIT
2026-07-01 20:35:47, MOVE, v:1, k:fup@final, mode:EDIT
2026-07-01 20:36:10, MOVE, v:1, k:fup@semana, mode:EDIT
2026-07-01 20:42:08, MOVE, v:1, k:fup@semana, mode:EDIT
2026-07-01 20:45:02, EXEC, v:1, k:fup@semana, mode:FULL, rate:90, size:23
2026-07-01 20:42:55, MOVE, v:1, k:fup@semana, mode:EDIT
2026-07-01 20:45:02, MOVE, v:1, k:fup@semana, mode:EDIT
2026-07-01 20:48:42, EXEC, v:1, k:fup@semana, mode:FULL, rate:100, size:26
2026-07-01 20:48:45, MOVE, v:1, k:fup@semana, mode:BACK
2026-07-01 20:48:56, SELF, v:1, k:fup@semana, self:1, rate:100, concept:1, debug:1
2026-07-01 20:48:41, MOVE, v:1, k:fup@semana, mode:EDIT
2026-07-01 20:48:42, MOVE, v:1, k:fup@semana, mode:EDIT
