2026-05-04 17:36:40, MOVE, v:1, k:fup@media, mode:PICK
2026-05-04 17:36:43, EXEC, v:1, k:fup@media, mode:FULL, rate:100
2026-05-04 17:36:43, EXEC, v:1, k:fup@media, mode:FULL, rate:100
2026-05-04 17:36:56, MOVE, v:1, k:fup@media, mode:BACK
2026-05-04 17:37:21, MOVE, v:1, k:fup@xuxa, mode:DOWN
2026-05-04 17:37:23, MOVE, v:1, k:fup@xuxa, mode:PICK
2026-05-04 17:36:43, MOVE, v:1, k:fup@media, mode:EDIT
2026-05-04 17:37:21, MOVE, v:1, k:fup@xuxa, mode:EDIT
2026-05-04 17:37:21, MOVE, v:1, k:fup@xuxa, mode:EDIT
2026-05-04 17:46:34, MOVE, v:1, k:fup@xuxa, mode:EDIT
2026-05-04 17:51:14, MOVE, v:1, k:fup@xuxa, mode:EDIT
2026-05-04 18:01:34, MOVE, v:1, k:fup@xuxa, mode:EDIT
2026-05-04 18:06:06, EXEC, v:1, k:fup@xuxa, mode:FULL, rate:0, size:11
2026-05-04 18:06:13, EXEC, v:1, k:fup@xuxa, mode:FULL, rate:0
2026-05-04 18:06:14, EXEC, v:1, k:fup@xuxa, mode:FULL, rate:0
2026-05-04 18:06:15, EXEC, v:1, k:fup@xuxa, mode:FULL, rate:0
2026-05-04 18:06:34, EXEC, v:1, k:fup@xuxa, mode:FULL, rate:0
2026-05-04 18:06:36, EXEC, v:1, k:fup@xuxa, mode:FULL, rate:0
2026-05-04 18:06:00, MOVE, v:1, k:fup@xuxa, mode:EDIT
2026-05-04 18:06:36, MOVE, v:1, k:fup@xuxa, mode:EDIT
2026-05-04 18:06:57, EXEC, v:1, k:fup@xuxa, mode:FULL, rate:0
2026-05-04 18:07:52, EXEC, v:1, k:fup@xuxa, mode:FULL, rate:0
2026-05-04 18:10:21, EXEC, v:1, k:fup@xuxa, mode:FULL, rate:0, size:11
2026-05-04 18:11:33, EXEC, v:1, k:fup@xuxa, mode:FULL, rate:0, size:11
2026-05-04 18:11:55, MOVE, v:1, k:fup@xuxa, mode:PICK
2026-05-04 18:11:57, EXEC, v:1, k:fup@xuxa, mode:FULL, rate:0, size:11
2026-05-04 18:12:48, EXEC, v:1, k:fup@xuxa, mode:FULL, rate:0, size:12
2026-05-04 18:12:56, EXEC, v:1, k:fup@xuxa, mode:FULL, rate:0, size:12
2026-05-04 18:13:07, EXEC, v:1, k:fup@xuxa, mode:FULL, rate:0, size:12
2026-05-04 18:13:20, EXEC, v:1, k:fup@xuxa, mode:FULL, rate:0, size:12
2026-05-04 18:13:40, EXEC, v:1, k:fup@xuxa, mode:FULL, rate:0, size:12
2026-05-04 18:15:09, EXEC, v:1, k:fup@xuxa, mode:FULL, rate:0, size:12
2026-05-04 18:15:55, EXEC, v:1, k:fup@xuxa, mode:FULL, rate:0, size:12
2026-05-04 18:24:25, MOVE, v:1, k:fup@xuxa, mode:PICK
2026-05-04 18:24:26, EXEC, v:1, k:fup@xuxa, mode:FULL, rate:0, size:12
2026-05-04 18:25:11, EXEC, v:1, k:fup@xuxa, mode:FULL, rate:0, size:12
2026-05-04 18:27:40, EXEC, v:1, k:fup@xuxa, mode:FULL, rate:0, size:11
2026-05-04 18:27:40, MOVE, v:1, k:fup@xuxa, mode:EDIT
2026-05-04 18:29:14, MOVE, v:1, k:fup@xuxa, mode:EDIT
2026-05-04 18:31:49, EXEC, v:1, k:fup@xuxa, mode:FULL, rate:0, size:17
2026-05-04 18:31:51, EXEC, v:1, k:fup@xuxa, mode:FULL, rate:0
2026-05-04 18:31:51, EXEC, v:1, k:fup@xuxa, mode:FULL, rate:0
2026-05-04 18:31:52, EXEC, v:1, k:fup@xuxa, mode:FULL, rate:0
2026-05-04 18:34:19, MOVE, v:1, k:fup@xuxa, mode:EDIT
2026-05-04 18:31:52, MOVE, v:1, k:fup@xuxa, mode:EDIT
2026-05-04 18:37:47, EXEC, v:1, k:fup@xuxa, mode:FULL, rate:0, size:19
2026-05-04 18:37:39, MOVE, v:1, k:fup@xuxa, mode:EDIT
2026-05-04 18:37:47, MOVE, v:1, k:fup@xuxa, mode:EDIT
2026-05-04 18:43:16, EXEC, v:1, k:fup@xuxa, mode:FULL, rate:100, size:20
2026-05-04 18:42:34, MOVE, v:1, k:fup@xuxa, mode:EDIT
2026-05-04 18:43:15, MOVE, v:1, k:fup@xuxa, mode:EDIT
2026-05-04 18:44:46, EXEC, v:1, k:fup@xuxa, mode:FULL, rate:100
2026-05-04 18:44:48, MOVE, v:1, k:fup@xuxa, mode:BACK
2026-05-04 18:45:58, SELF, v:1, k:fup@xuxa, self:1, rate:100, study:38, concept:1, code:1, refactor:1
