2026-03-23 19:33:27, MOVE, v:1, k:fup@resto, mode:PICK
2026-03-23 19:33:39, EXEC, v:1, k:fup@resto, mode:FULL, size:6, fail:COMP
2026-03-23 19:33:39, EXEC, v:1, k:fup@resto, mode:FULL, size:6, fail:COMP
2026-03-23 19:34:06, EXEC, v:1, k:fup@resto, mode:FULL, size:6, fail:COMP
2026-03-23 19:34:10, MOVE, v:1, k:fup@resto, mode:BACK
2026-03-23 19:42:18, MOVE, v:1, k:fup@resto, mode:PICK
2026-03-23 19:42:28, EXEC, v:1, k:fup@resto, mode:FULL, rate:100, size:7
2026-03-23 19:42:57, EXEC, v:1, k:fup@resto, mode:FULL, rate:100
2026-03-23 19:42:58, EXEC, v:1, k:fup@resto, mode:FULL, rate:100
2026-03-23 19:43:00, EXEC, v:1, k:fup@resto, mode:FULL, rate:100
2026-03-23 19:43:05, EXEC, v:1, k:fup@resto, mode:FREE
2026-03-23 19:43:23, EXEC, v:1, k:fup@resto, mode:FULL, rate:100
2026-03-23 19:43:24, EXEC, v:1, k:fup@resto, mode:FULL, rate:100
2026-03-23 19:43:29, EXEC, v:1, k:fup@resto, mode:FULL, rate:100
2026-03-23 19:44:13, MOVE, v:1, k:fup@resto, mode:BACK
2026-03-23 19:45:29, SELF, v:1, k:fup@resto, self:1, rate:100, study:20, friend:nao, guided:1, concept:1, problem:1, code:1, debug:1, refactor:1
2026-03-23 19:45:38, MOVE, v:1, k:fup@tres, mode:PICK
2026-03-23 19:45:40, EXEC, v:1, k:fup@tres, mode:FULL, rate:100
2026-03-23 19:45:47, EXEC, v:1, k:fup@tres, mode:FULL, rate:100
2026-03-23 19:45:50, MOVE, v:1, k:fup@tres, mode:BACK
2026-03-23 19:48:04, MOVE, v:1, k:fup@media, mode:DOWN
2026-03-23 19:48:09, MOVE, v:1, k:fup@media, mode:PICK
2026-03-23 19:48:30, EXEC, v:1, k:fup@media, mode:FULL, rate:0, size:5
2026-03-23 19:53:04, EXEC, v:1, k:fup@media, mode:FULL, rate:0, size:7
2026-03-23 19:53:35, EXEC, v:1, k:fup@media, mode:FULL, rate:60, size:7
2026-03-23 19:55:43, EXEC, v:1, k:fup@media, mode:FULL, rate:0, size:7
2026-03-23 19:57:05, EXEC, v:1, k:fup@media, mode:FULL, rate:100, size:7
2026-03-23 19:57:32, EXEC, v:1, k:fup@media, mode:FULL, rate:100
2026-03-23 19:57:33, EXEC, v:1, k:fup@media, mode:FULL, rate:100
2026-03-23 19:57:40, MOVE, v:1, k:fup@media, mode:BACK
2026-03-23 19:58:22, SELF, v:1, k:fup@media, self:1, rate:100, study:10, friend:nao, guided:1, concept:1, problem:1, code:1, debug:1, refactor:1
