2026-04-06 05:38:07, SELF, v:1, k:fup@tres, self:1, rate:100, study:50, friend:nao, guided:1, concept:1, problem:1, code:1, debug:1, refactor:1
2026-04-06 05:38:18, MOVE, v:1, k:fup@segundos, mode:PICK
2026-04-06 05:38:26, EXEC, v:1, k:fup@segundos, mode:FREE
2026-04-06 05:38:36, EXEC, v:1, k:fup@segundos, mode:LOCK, rate:0
2026-04-06 05:38:37, EXEC, v:1, k:fup@segundos, mode:LOCK, rate:0
2026-04-06 05:38:45, EXEC, v:1, k:fup@segundos, mode:LOCK, rate:0
2026-04-06 05:38:53, EXEC, v:1, k:fup@segundos, mode:FREE, size:5
2026-04-06 05:39:27, MOVE, v:1, k:fup@segundos, mode:BACK
2026-04-06 05:39:30, MOVE, v:1, k:fup@segundos, mode:PICK
2026-04-06 05:39:32, EXEC, v:1, k:fup@segundos, mode:LOCK, rate:0
2026-04-06 05:46:30, MOVE, v:1, k:fup@segundos, mode:BACK
2026-04-06 05:46:32, MOVE, v:1, k:fup@segundos, mode:PICK
2026-04-06 05:47:50, MOVE, v:1, k:fup@segundos, mode:BACK
2026-04-06 05:48:19, MOVE, v:1, k:fup@segundos, mode:PICK
2026-04-06 05:49:29, MOVE, v:1, k:fup@segundos, mode:BACK
2026-04-06 05:49:37, MOVE, v:1, k:fup@celsius, mode:PICK
2026-04-06 05:50:29, MOVE, v:1, k:fup@celsius, mode:BACK
2026-04-06 06:01:09, MOVE, v:1, k:fup@celsius, mode:PICK
2026-04-06 06:01:11, EXEC, v:1, k:fup@celsius, mode:FULL, rate:100, size:10
2026-04-06 06:01:25, MOVE, v:1, k:fup@celsius, mode:BACK
2026-04-06 06:02:43, SELF, v:1, k:fup@celsius, self:1, rate:100, study:30, concept:1, problem:1, code:1, debug:1, refactor:1
