2026-03-10 17:14:10, MOVE, v:1, k:sandbox@user_001, mode:PICK
2026-03-10 17:14:19, MOVE, v:1, k:sandbox@user_001, mode:BACK
2026-03-10 17:14:22, MOVE, v:1, k:sandbox@user_001, mode:PICK
2026-03-10 17:14:34, EXEC, v:1, k:sandbox@user_001, mode:LOCK, rate:0, size:5
2026-03-10 17:14:52, EXEC, v:1, k:sandbox@user_001, mode:LOCK, rate:0
2026-03-10 17:14:54, EXEC, v:1, k:sandbox@user_001, mode:LOCK, rate:0
2026-03-10 17:19:26, EXEC, v:1, k:sandbox@user_001, mode:FULL, rate:0, size:6
2026-03-10 17:31:49, EXEC, v:1, k:sandbox@user_001, mode:FULL, rate:0, size:7
2026-03-10 17:40:10, EXEC, v:1, k:sandbox@user_001, mode:FULL, rate:0, size:8
2026-03-10 17:43:11, EXEC, v:1, k:sandbox@user_001, mode:FULL, rate:0, size:9
2026-03-10 17:44:37, EXEC, v:1, k:sandbox@user_001, mode:FULL, rate:0, size:10
2026-03-10 17:52:09, EXEC, v:1, k:sandbox@user_001, mode:FREE, size:10
2026-03-10 17:55:58, EXEC, v:1, k:sandbox@user_001, mode:FULL, rate:0, size:9
2026-03-10 17:57:35, EXEC, v:1, k:sandbox@user_001, mode:FULL, rate:0, size:9
2026-03-10 17:58:33, MOVE, v:1, k:sandbox@user_001, mode:BACK
2026-03-10 18:04:09, MOVE, v:1, k:fup@tres, mode:DOWN
2026-03-10 18:04:17, MOVE, v:1, k:fup@tres, mode:PICK
2026-03-10 18:04:56, EXEC, v:1, k:fup@tres, mode:FULL, rate:0, size:5
2026-03-10 18:09:03, EXEC, v:1, k:fup@tres, mode:FULL, size:5, fail:COMP
2026-03-10 18:09:19, EXEC, v:1, k:fup@tres, mode:FULL, fail:COMP
2026-03-10 18:09:19, EXEC, v:1, k:fup@tres, mode:FULL, fail:COMP
2026-03-10 18:10:58, EXEC, v:1, k:fup@tres, mode:FULL, rate:0, size:7
2026-03-10 18:12:16, MOVE, v:1, k:fup@tres, mode:BACK
2026-03-10 18:12:48, MOVE, v:1, k:fup@resto, mode:DOWN
2026-03-10 18:12:56, MOVE, v:1, k:fup@resto, mode:PICK
2026-03-10 18:12:59, EXEC, v:1, k:fup@resto, mode:FULL, rate:0, size:5
2026-03-10 18:16:37, MOVE, v:1, k:fup@resto, mode:BACK
2026-03-10 18:18:16, MOVE, v:1, k:fup@resto, mode:PICK
2026-03-10 18:18:19, EXEC, v:1, k:fup@resto, mode:FULL, size:6, fail:COMP
2026-03-10 18:18:26, MOVE, v:1, k:fup@resto, mode:BACK
2026-03-10 18:18:28, MOVE, v:1, k:fup@resto, mode:PICK
2026-03-10 18:18:31, EXEC, v:1, k:fup@resto, mode:FULL, fail:COMP
2026-03-10 18:18:36, MOVE, v:1, k:fup@resto, mode:BACK
2026-03-10 18:18:38, MOVE, v:1, k:fup@resto, mode:PICK
2026-03-10 18:18:49, EXEC, v:1, k:fup@resto, mode:FULL, fail:COMP
2026-03-10 18:18:49, EXEC, v:1, k:fup@resto, mode:FULL, fail:COMP
2026-03-10 18:18:53, EXEC, v:1, k:fup@resto, mode:FREE
2026-03-10 18:25:46, MOVE, v:1, k:fup@resto, mode:BACK
