2026-04-05 18:33:43, MOVE, v:1, k:fup@media, mode:PICK
2026-04-05 18:33:46, EXEC, v:1, k:fup@media, mode:FULL, size:5, fail:COMP
2026-04-05 18:33:50, MOVE, v:1, k:fup@media, mode:BACK
2026-04-05 18:33:52, MOVE, v:1, k:fup@media, mode:PICK
2026-04-05 18:33:59, EXEC, v:1, k:fup@media, mode:FULL, fail:COMP
2026-04-05 18:34:10, MOVE, v:1, k:fup@media, mode:BACK
2026-04-05 18:34:34, MOVE, v:1, k:fup@tres, mode:PICK
2026-04-05 18:34:39, EXEC, v:1, k:fup@tres, mode:FULL, rate:100
2026-04-05 18:34:57, MOVE, v:1, k:fup@tres, mode:BACK
2026-04-05 18:35:02, MOVE, v:1, k:fup@sobrou, mode:PICK
2026-04-05 18:47:48, EXEC, v:1, k:fup@sobrou, mode:FULL, rate:100, size:27
2026-04-05 18:49:46, EXEC, v:1, k:fup@sobrou, mode:FREE, size:27
2026-04-05 18:50:30, EXEC, v:1, k:fup@sobrou, mode:FULL, rate:100
2026-04-05 18:50:31, EXEC, v:1, k:fup@sobrou, mode:FULL, rate:100
2026-04-05 18:50:32, EXEC, v:1, k:fup@sobrou, mode:FULL, rate:100
2026-04-05 18:50:35, EXEC, v:1, k:fup@sobrou, mode:FULL, rate:100
2026-04-05 18:50:35, EXEC, v:1, k:fup@sobrou, mode:FULL, rate:100
2026-04-05 18:50:36, EXEC, v:1, k:fup@sobrou, mode:FULL, rate:100
2026-04-05 18:50:36, EXEC, v:1, k:fup@sobrou, mode:FULL, rate:100
2026-04-05 18:50:40, EXEC, v:1, k:fup@sobrou, mode:FULL, rate:100
2026-04-05 18:50:41, EXEC, v:1, k:fup@sobrou, mode:FULL, rate:100
2026-04-05 18:50:42, EXEC, v:1, k:fup@sobrou, mode:FULL, rate:100
2026-04-05 18:50:42, EXEC, v:1, k:fup@sobrou, mode:FULL, rate:100
2026-04-05 18:50:42, EXEC, v:1, k:fup@sobrou, mode:FULL, rate:100
2026-04-05 18:50:43, EXEC, v:1, k:fup@sobrou, mode:FULL, rate:100
2026-04-05 18:50:43, EXEC, v:1, k:fup@sobrou, mode:FULL, rate:100
2026-04-05 18:50:55, MOVE, v:1, k:fup@sobrou, mode:BACK
2026-04-05 18:52:28, SELF, v:1, k:fup@sobrou, self:1, rate:100, study:45, guided:1, concept:1, problem:1, code:1
2026-04-05 18:52:29, MOVE, v:1, k:fup@sobrou, mode:PICK
2026-04-05 18:52:31, MOVE, v:1, k:fup@sobrou, mode:BACK
