2026-07-05 03:47:26, MOVE, v:1, k:fup@varetas, mode:DOWN
2026-07-05 03:47:27, MOVE, v:1, k:fup@varetas, mode:PICK
2026-07-05 03:47:26, MOVE, v:1, k:fup@varetas, mode:EDIT
2026-07-05 03:52:14, MOVE, v:1, k:fup@varetas, mode:EDIT
2026-07-05 03:55:41, EXEC, v:1, k:fup@varetas, mode:FULL, rate:0, size:15
2026-07-05 03:55:57, MOVE, v:1, k:fup@varetas, mode:BACK
2026-07-05 03:56:01, MOVE, v:1, k:fup@varetas, mode:PICK
2026-07-05 03:56:10, EXEC, v:1, k:fup@varetas, mode:FULL, rate:0, size:16
2026-07-05 03:56:50, EXEC, v:1, k:fup@varetas, mode:FULL, rate:100, size:16
2026-07-05 03:56:53, MOVE, v:1, k:fup@varetas, mode:BACK
2026-07-05 03:57:13, SELF, v:1, k:fup@varetas, self:1, rate:100, concept:1
2026-07-05 03:57:16, MOVE, v:1, k:fup@bhaskara, mode:DOWN
2026-07-05 03:57:17, MOVE, v:1, k:fup@bhaskara, mode:PICK
2026-07-05 03:56:46, MOVE, v:1, k:fup@varetas, mode:EDIT
2026-07-05 03:56:48, MOVE, v:1, k:fup@varetas, mode:EDIT
2026-07-05 03:57:16, MOVE, v:1, k:fup@bhaskara, mode:EDIT
2026-07-05 03:57:16, MOVE, v:1, k:fup@bhaskara, mode:EDIT
2026-07-05 04:02:14, MOVE, v:1, k:fup@bhaskara, mode:EDIT
2026-07-05 04:02:25, EXEC, v:1, k:fup@bhaskara, mode:FULL, size:29, fail:COMP
2026-07-05 04:02:32, EXEC, v:1, k:fup@bhaskara, mode:FULL, rate:57, size:29
2026-07-05 04:03:04, EXEC, v:1, k:fup@bhaskara, mode:FULL, rate:85, size:29
2026-07-05 04:05:56, EXEC, v:1, k:fup@bhaskara, mode:FULL, rate:100, size:43
2026-07-05 04:05:38, MOVE, v:1, k:fup@bhaskara, mode:EDIT
2026-07-05 04:05:56, MOVE, v:1, k:fup@bhaskara, mode:EDIT
2026-07-05 04:10:40, MOVE, v:1, k:fup@bhaskara, mode:BACK
2026-07-05 04:10:53, SELF, v:1, k:fup@bhaskara, self:1, rate:100, debug:1
2026-07-05 04:11:02, SELF, v:1, k:fup@bhaskara, self:1, rate:100, debug:1, refactor:1
2026-07-05 04:11:05, MOVE, v:1, k:fup@cortada, mode:DOWN
2026-07-05 04:11:10, MOVE, v:1, k:fup@cortada, mode:PICK
2026-07-05 04:11:05, MOVE, v:1, k:fup@cortada, mode:EDIT
2026-07-05 04:13:19, MOVE, v:1, k:fup@cortada, mode:EDIT
2026-07-05 04:17:36, EXEC, v:1, k:fup@cortada, mode:FULL, rate:57, size:20
2026-07-05 04:17:56, EXEC, v:1, k:fup@cortada, mode:FULL, rate:39, size:20
2026-07-05 04:19:42, EXEC, v:1, k:fup@cortada, mode:FULL, rate:100, size:20
2026-07-05 04:19:47, MOVE, v:1, k:fup@cortada, mode:BACK
2026-07-05 04:20:06, SELF, v:1, k:fup@cortada, self:1, rate:100, concept:1, debug:1
2026-07-05 04:20:27, MOVE, v:1, k:fup@monica, mode:DOWN
2026-07-05 04:20:28, MOVE, v:1, k:fup@monica, mode:PICK
2026-07-05 04:19:41, MOVE, v:1, k:fup@cortada, mode:EDIT
2026-07-05 04:19:42, MOVE, v:1, k:fup@cortada, mode:EDIT
2026-07-05 04:20:27, MOVE, v:1, k:fup@monica, mode:EDIT
2026-07-05 04:20:27, MOVE, v:1, k:fup@monica, mode:EDIT
2026-07-05 04:24:07, MOVE, v:1, k:fup@monica, mode:BACK
2026-07-05 04:24:37, MOVE, v:1, k:fup@monica, mode:PICK
2026-07-05 04:23:58, MOVE, v:1, k:fup@monica, mode:EDIT
2026-07-05 04:29:15, EXEC, v:1, k:fup@monica, mode:FULL, rate:37, size:25
2026-07-05 04:29:11, MOVE, v:1, k:fup@monica, mode:EDIT
2026-07-05 04:29:15, MOVE, v:1, k:fup@monica, mode:EDIT
2026-07-05 04:32:44, EXEC, v:1, k:fup@monica, mode:FULL, rate:37
2026-07-05 04:33:00, EXEC, v:1, k:fup@monica, mode:FULL, rate:37, size:25
2026-07-05 04:33:07, EXEC, v:1, k:fup@monica, mode:FULL, rate:100, size:25
2026-07-05 04:34:20, MOVE, v:1, k:fup@monica, mode:BACK
2026-07-05 04:34:35, SELF, v:1, k:fup@monica, self:1, rate:100, concept:1, refactor:1
2026-07-05 04:34:49, MOVE, v:1, k:fup@sono, mode:DOWN
2026-07-05 04:34:52, MOVE, v:1, k:fup@sono, mode:PICK
2026-07-05 04:33:07, MOVE, v:1, k:fup@monica, mode:EDIT
2026-07-05 04:33:04, MOVE, v:1, k:fup@monica, mode:EDIT
2026-07-05 04:34:49, MOVE, v:1, k:fup@sono, mode:EDIT
2026-07-05 04:35:55, MOVE, v:1, k:fup@sono, mode:EDIT
2026-07-05 04:41:51, EXEC, v:1, k:fup@sono, mode:FULL, rate:22, size:27
2026-07-05 04:42:20, EXEC, v:1, k:fup@sono, mode:FULL, rate:22, size:27
2026-07-05 04:42:20, MOVE, v:1, k:fup@sono, mode:EDIT
2026-07-05 04:42:17, MOVE, v:1, k:fup@sono, mode:EDIT
2026-07-05 04:45:09, EXEC, v:1, k:fup@sono, mode:FULL, rate:22, size:27
2026-07-05 04:45:47, EXEC, v:1, k:fup@sono, mode:FULL, rate:88, size:27
2026-07-05 04:47:00, EXEC, v:1, k:fup@sono, mode:FULL, rate:88, size:28
2026-07-05 04:46:59, MOVE, v:1, k:fup@sono, mode:EDIT
2026-07-05 04:46:59, MOVE, v:1, k:fup@sono, mode:EDIT
2026-07-05 04:50:01, MOVE, v:1, k:fup@sono, mode:BACK
2026-07-05 04:50:26, MOVE, v:1, k:fup@vet_ii, mode:DOWN
2026-07-05 04:50:33, MOVE, v:1, k:fup@vet_ii, mode:PICK
2026-07-05 04:52:06, EXEC, v:1, k:fup@vet_ii, mode:FULL, rate:0, size:23
2026-07-05 04:50:26, MOVE, v:1, k:fup@vet_ii, mode:EDIT
2026-07-05 04:52:04, MOVE, v:1, k:fup@vet_ii, mode:EDIT
2026-07-05 04:52:06, MOVE, v:1, k:fup@vet_ii, mode:EDIT
2026-07-05 18:59:09, MOVE, v:1, k:fup@vet_iii, mode:DOWN
2026-07-05 18:59:11, MOVE, v:1, k:fup@vet_iii, mode:PICK
2026-07-05 18:59:09, MOVE, v:1, k:fup@vet_iii, mode:EDIT
2026-07-05 18:59:09, MOVE, v:1, k:fup@vet_iii, mode:EDIT
2026-07-05 19:05:37, EXEC, v:1, k:fup@vet_iii, mode:FULL, rate:100, size:29
2026-07-05 19:05:45, MOVE, v:1, k:fup@vet_iii, mode:BACK
2026-07-05 19:06:03, SELF, v:1, k:fup@vet_iii, self:1, rate:100, debug:1, refactor:1
2026-07-05 19:06:45, MOVE, v:1, k:fup@agua, mode:DOWN
2026-07-05 19:06:47, MOVE, v:1, k:fup@agua, mode:PICK
2026-07-05 19:05:27, MOVE, v:1, k:fup@vet_iii, mode:EDIT
2026-07-05 19:05:37, MOVE, v:1, k:fup@vet_iii, mode:EDIT
2026-07-05 19:06:45, MOVE, v:1, k:fup@agua, mode:EDIT
2026-07-05 19:09:53, MOVE, v:1, k:fup@agua, mode:EDIT
2026-07-05 19:15:44, EXEC, v:1, k:fup@agua, mode:FULL, rate:0, size:29
2026-07-05 19:16:40, EXEC, v:1, k:fup@agua, mode:FULL, rate:100, size:27
2026-07-05 19:16:50, MOVE, v:1, k:fup@agua, mode:BACK
2026-07-05 19:17:05, SELF, v:1, k:fup@agua, self:1, rate:100, concept:1, refactor:1
2026-07-05 19:17:30, MOVE, v:1, k:fup@multi_mmc, mode:DOWN
2026-07-05 19:17:32, MOVE, v:1, k:fup@multi_mmc, mode:PICK
2026-07-05 19:16:40, MOVE, v:1, k:fup@agua, mode:EDIT
2026-07-05 19:16:39, MOVE, v:1, k:fup@agua, mode:EDIT
2026-07-05 19:17:30, MOVE, v:1, k:fup@multi_mmc, mode:EDIT
2026-07-05 19:18:32, MOVE, v:1, k:fup@multi_mmc, mode:EDIT
2026-07-05 19:25:31, EXEC, v:1, k:fup@multi_mmc, mode:FULL, rate:66, size:33
2026-07-05 19:26:57, EXEC, v:1, k:fup@multi_mmc, mode:FULL, rate:66, size:33
2026-07-05 19:26:57, MOVE, v:1, k:fup@multi_mmc, mode:EDIT
2026-07-05 19:28:54, MOVE, v:1, k:fup@multi_mmc, mode:EDIT
2026-07-05 19:28:57, EXEC, v:1, k:fup@multi_mmc, mode:FULL, rate:66, size:33
2026-07-05 19:29:35, MOVE, v:1, k:fup@multi_mmc, mode:BACK
2026-07-05 19:29:44, MOVE, v:1, k:fup@avesso2, mode:DOWN
2026-07-05 19:29:45, MOVE, v:1, k:fup@avesso2, mode:PICK
2026-07-05 19:30:58, EXEC, v:1, k:fup@avesso2, mode:FULL, rate:0, size:52
2026-07-05 19:32:46, EXEC, v:1, k:fup@avesso2, mode:FULL, rate:0, size:48
2026-07-05 19:33:48, EXEC, v:1, k:fup@avesso2, mode:FULL, rate:100, size:48
2026-07-05 19:33:51, MOVE, v:1, k:fup@avesso2, mode:BACK
2026-07-05 19:28:56, MOVE, v:1, k:fup@multi_mmc, mode:EDIT
2026-07-05 19:28:57, MOVE, v:1, k:fup@multi_mmc, mode:EDIT
2026-07-05 19:29:43, MOVE, v:1, k:fup@avesso2, mode:EDIT
2026-07-05 19:33:47, MOVE, v:1, k:fup@avesso2, mode:EDIT
2026-07-05 19:33:48, MOVE, v:1, k:fup@avesso2, mode:EDIT
2026-07-05 19:34:00, SELF, v:1, k:fup@avesso2, self:1, rate:100, concept:1, refactor:1
2026-07-05 19:34:10, MOVE, v:1, k:fup@trilhas, mode:DOWN
2026-07-05 19:34:19, MOVE, v:1, k:fup@trilhas, mode:PICK
2026-07-05 19:38:05, EXEC, v:1, k:fup@trilhas, mode:FULL, rate:100, size:52
2026-07-05 19:38:11, MOVE, v:1, k:fup@trilhas, mode:BACK
2026-07-05 19:38:22, SELF, v:1, k:fup@trilhas, self:1, rate:100, concept:1, refactor:1
2026-07-05 19:38:29, MOVE, v:1, k:fup@indices, mode:DOWN
2026-07-05 19:38:32, MOVE, v:1, k:fup@indices, mode:PICK
2026-07-05 19:34:10, MOVE, v:1, k:fup@trilhas, mode:EDIT
2026-07-05 19:35:43, MOVE, v:1, k:fup@trilhas, mode:EDIT
2026-07-05 19:38:04, MOVE, v:1, k:fup@trilhas, mode:EDIT
2026-07-05 19:38:29, MOVE, v:1, k:fup@indices, mode:EDIT
2026-07-05 19:38:29, MOVE, v:1, k:fup@indices, mode:EDIT
2026-07-05 19:48:38, MOVE, v:1, k:fup@indices, mode:EDIT
2026-07-05 19:50:49, EXEC, v:1, k:fup@indices, mode:FULL, rate:100, size:36
2026-07-05 19:50:52, MOVE, v:1, k:fup@indices, mode:BACK
2026-07-05 19:51:04, SELF, v:1, k:fup@indices, self:1, rate:100, concept:1, refactor:1
2026-07-05 19:51:14, MOVE, v:1, k:fup@mediana, mode:DOWN
2026-07-05 19:51:15, MOVE, v:1, k:fup@mediana, mode:PICK
2026-07-05 19:50:49, MOVE, v:1, k:fup@indices, mode:EDIT
2026-07-05 19:51:14, MOVE, v:1, k:fup@mediana, mode:EDIT
2026-07-05 19:52:04, MOVE, v:1, k:fup@mediana, mode:EDIT
2026-07-05 20:00:06, EXEC, v:1, k:fup@mediana, mode:FULL, rate:100, size:29
2026-07-05 20:00:09, MOVE, v:1, k:fup@mediana, mode:BACK
2026-07-05 20:00:17, SELF, v:1, k:fup@mediana, self:1, rate:100, concept:1, refactor:1
2026-07-05 20:00:21, MOVE, v:1, k:fup@vacina, mode:DOWN
2026-07-05 20:00:24, MOVE, v:1, k:fup@vacina, mode:PICK
2026-07-05 20:00:05, MOVE, v:1, k:fup@mediana, mode:EDIT
2026-07-05 20:00:06, MOVE, v:1, k:fup@mediana, mode:EDIT
2026-07-05 20:00:21, MOVE, v:1, k:fup@vacina, mode:EDIT
2026-07-05 20:00:21, MOVE, v:1, k:fup@vacina, mode:EDIT
2026-07-05 20:10:29, EXEC, v:1, k:fup@vacina, mode:FULL, rate:100, size:34
2026-07-05 20:10:32, MOVE, v:1, k:fup@vacina, mode:BACK
2026-07-05 20:10:55, SELF, v:1, k:fup@vacina, self:1, rate:100, concept:1, refactor:1
2026-07-05 20:11:08, MOVE, v:1, k:fup@policial, mode:DOWN
2026-07-05 20:11:08, MOVE, v:1, k:fup@policial, mode:PICK
2026-07-05 20:11:08, MOVE, v:1, k:fup@policial, mode:EDIT
2026-07-05 20:11:08, MOVE, v:1, k:fup@policial, mode:EDIT
2026-07-05 20:19:20, EXEC, v:1, k:fup@policial, mode:FULL, rate:100, size:36
2026-07-05 20:19:22, MOVE, v:1, k:fup@policial, mode:BACK
2026-07-05 20:19:35, SELF, v:1, k:fup@policial, self:1, rate:100, concept:1, refactor:1
2026-07-05 20:19:49, MOVE, v:1, k:fup@paredes, mode:DOWN
2026-07-05 20:19:49, MOVE, v:1, k:fup@paredes, mode:PICK
2026-07-05 20:18:15, MOVE, v:1, k:fup@policial, mode:EDIT
2026-07-05 20:19:19, MOVE, v:1, k:fup@policial, mode:EDIT
2026-07-05 20:19:49, MOVE, v:1, k:fup@paredes, mode:EDIT
2026-07-05 20:19:49, MOVE, v:1, k:fup@paredes, mode:EDIT
2026-07-05 20:20:46, MOVE, v:1, k:fup@paredes, mode:EDIT
2026-07-05 20:30:36, EXEC, v:1, k:fup@paredes, mode:FULL, rate:100, size:23
2026-07-05 20:30:36, MOVE, v:1, k:fup@paredes, mode:EDIT
2026-07-05 20:30:44, MOVE, v:1, k:fup@paredes, mode:BACK
2026-07-05 20:30:51, SELF, v:1, k:fup@paredes, self:1, rate:100, concept:1, refactor:1
2026-07-05 20:30:54, MOVE, v:1, k:fup@facil, mode:DOWN
2026-07-05 20:30:55, MOVE, v:1, k:fup@facil, mode:PICK
2026-07-05 20:30:54, MOVE, v:1, k:fup@facil, mode:EDIT
2026-07-05 20:31:40, MOVE, v:1, k:fup@facil, mode:EDIT
2026-07-05 20:39:56, EXEC, v:1, k:fup@facil, mode:FULL, rate:100, size:38
2026-07-05 20:39:58, MOVE, v:1, k:fup@facil, mode:BACK
2026-07-05 20:40:07, SELF, v:1, k:fup@facil, self:1, rate:100, concept:1, refactor:1
2026-07-05 20:39:56, MOVE, v:1, k:fup@facil, mode:EDIT
